<?xml version="1.0" encoding="UTF-8"?>
<testsuite name="org.openjdk.jmh.runner.options.TestOptions" time="0.054" tests="98" errors="0" skipped="0" failures="0">
  <properties>
    <property name="java.runtime.name" value="Java(TM) SE Runtime Environment"/>
    <property name="java.vm.version" value="23.0.1+11-39"/>
    <property name="sun.boot.library.path" value="/Library/Java/JavaVirtualMachines/jdk-23.0.1.jdk/Contents/Home/lib"/>
    <property name="maven.multiModuleProjectDirectory" value="/Users/antoniotrovato/Documents/GitHub/jmh-1.37/jmh-core"/>
    <property name="java.vm.vendor" value="Oracle Corporation"/>
    <property name="java.vendor.url" value="https://java.oracle.com/"/>
    <property name="guice.disable.misplaced.annotation.check" value="true"/>
    <property name="path.separator" value=":"/>
    <property name="java.vm.name" value="Java HotSpot(TM) 64-Bit Server VM"/>
    <property name="user.country" value="IT"/>
    <property name="sun.java.launcher" value="SUN_STANDARD"/>
    <property name="java.vm.specification.name" value="Java Virtual Machine Specification"/>
    <property name="user.dir" value="/Users/antoniotrovato/Documents/GitHub/jmh-1.37/jmh-core"/>
    <property name="java.vm.compressedOopsMode" value="Zero based"/>
    <property name="java.runtime.version" value="23.0.1+11-39"/>
    <property name="os.arch" value="aarch64"/>
    <property name="java.io.tmpdir" value="/var/folders/kn/kd67nwcs41113fgwjn39d7fm0000gn/T/"/>
    <property name="line.separator" value="&#10;"/>
    <property name="java.vm.specification.vendor" value="Oracle Corporation"/>
    <property name="stderr.encoding" value="UTF-8"/>
    <property name="os.name" value="Mac OS X"/>
    <property name="classworlds.conf" value="/Applications/apache-maven-3.9.9/bin/m2.conf"/>
    <property name="sun.jnu.encoding" value="UTF-8"/>
    <property name="stdout.encoding" value="UTF-8"/>
    <property name="java.library.path" value="/Users/antoniotrovato/Library/Java/Extensions:/Library/Java/Extensions:/Network/Library/Java/Extensions:/System/Library/Java/Extensions:/usr/lib/java:."/>
    <property name="maven.conf" value="/Applications/apache-maven-3.9.9/conf"/>
    <property name="jdk.debug" value="release"/>
    <property name="java.class.version" value="67.0"/>
    <property name="java.specification.name" value="Java Platform API Specification"/>
    <property name="sun.management.compiler" value="HotSpot 64-Bit Tiered Compilers"/>
    <property name="os.version" value="15.1.1"/>
    <property name="library.jansi.path" value="/Applications/apache-maven-3.9.9/lib/jansi-native"/>
    <property name="http.nonProxyHosts" value="local|*.local|169.254/16|*.169.254/16"/>
    <property name="user.home" value="/Users/antoniotrovato"/>
    <property name="user.timezone" value="Europe/Rome"/>
    <property name="file.encoding" value="UTF-8"/>
    <property name="java.specification.version" value="23"/>
    <property name="user.name" value="antoniotrovato"/>
    <property name="java.class.path" value="/Applications/apache-maven-3.9.9/boot/plexus-classworlds-2.8.0.jar"/>
    <property name="java.vm.specification.version" value="23"/>
    <property name="sun.arch.data.model" value="64"/>
    <property name="sun.java.command" value="org.codehaus.plexus.classworlds.launcher.Launcher clean install"/>
    <property name="java.home" value="/Library/Java/JavaVirtualMachines/jdk-23.0.1.jdk/Contents/Home"/>
    <property name="apple.awt.application.name" value="Launcher"/>
    <property name="user.language" value="it"/>
    <property name="java.specification.vendor" value="Oracle Corporation"/>
    <property name="java.vm.info" value="mixed mode, sharing"/>
    <property name="java.version" value="23.0.1"/>
    <property name="native.encoding" value="UTF-8"/>
    <property name="java.vendor" value="Oracle Corporation"/>
    <property name="maven.home" value="/Applications/apache-maven-3.9.9"/>
    <property name="file.separator" value="/"/>
    <property name="java.version.date" value="2024-10-15"/>
    <property name="java.vendor.url.bug" value="https://bugreport.java.com/bugreport/"/>
    <property name="sun.io.unicode.encoding" value="UnicodeBig"/>
    <property name="sun.cpu.endian" value="little"/>
    <property name="socksNonProxyHosts" value="local|*.local|169.254/16|*.169.254/16"/>
    <property name="ftp.nonProxyHosts" value="local|*.local|169.254/16|*.169.254/16"/>
  </properties>
  <testcase name="testWarmupIterations" classname="org.openjdk.jmh.runner.options.TestOptions" time="0.004"/>
  <testcase name="testWarmupFork_MinusOne_OptionsBuilder" classname="org.openjdk.jmh.runner.options.TestOptions" time="0.001"/>
  <testcase name="testThreads_Minus42_OptionsBuilder" classname="org.openjdk.jmh.runner.options.TestOptions" time="0"/>
  <testcase name="testJvm_Default" classname="org.openjdk.jmh.runner.options.TestOptions" time="0.001"/>
  <testcase name="testJvmArgsAppend_Default" classname="org.openjdk.jmh.runner.options.TestOptions" time="0.001"/>
  <testcase name="testThreadGroups_AllZero" classname="org.openjdk.jmh.runner.options.TestOptions" time="0.001"/>
  <testcase name="testWarmupFork_Default" classname="org.openjdk.jmh.runner.options.TestOptions" time="0"/>
  <testcase name="testBatchSize_Default" classname="org.openjdk.jmh.runner.options.TestOptions" time="0.001"/>
  <testcase name="testTimeout_Default" classname="org.openjdk.jmh.runner.options.TestOptions" time="0"/>
  <testcase name="testTimeout" classname="org.openjdk.jmh.runner.options.TestOptions" time="0.001"/>
  <testcase name="testSerializable_Builder" classname="org.openjdk.jmh.runner.options.TestOptions" time="0.005"/>
  <testcase name="testSynchIterations_False" classname="org.openjdk.jmh.runner.options.TestOptions" time="0.002"/>
  <testcase name="testJvmArgs" classname="org.openjdk.jmh.runner.options.TestOptions" time="0.001"/>
  <testcase name="testBenchModes_Default" classname="org.openjdk.jmh.runner.options.TestOptions" time="0"/>
  <testcase name="testExcludes" classname="org.openjdk.jmh.runner.options.TestOptions" time="0.001"/>
  <testcase name="testBenchModes" classname="org.openjdk.jmh.runner.options.TestOptions" time="0"/>
  <testcase name="testGC_True" classname="org.openjdk.jmh.runner.options.TestOptions" time="0.001"/>
  <testcase name="testProfilers_Default" classname="org.openjdk.jmh.runner.options.TestOptions" time="0"/>
  <testcase name="testJvmArgsPrepend" classname="org.openjdk.jmh.runner.options.TestOptions" time="0"/>
  <testcase name="testJvm" classname="org.openjdk.jmh.runner.options.TestOptions" time="0.001"/>
  <testcase name="testOPI" classname="org.openjdk.jmh.runner.options.TestOptions" time="0"/>
  <testcase name="testTimeunit" classname="org.openjdk.jmh.runner.options.TestOptions" time="0.001"/>
  <testcase name="testWarmupBatchSize_Default" classname="org.openjdk.jmh.runner.options.TestOptions" time="0"/>
  <testcase name="testThreads_MinusOne" classname="org.openjdk.jmh.runner.options.TestOptions" time="0.005"/>
  <testcase name="testWarmupBatchSize_Zero_OptionsBuilder" classname="org.openjdk.jmh.runner.options.TestOptions" time="0"/>
  <testcase name="testParam" classname="org.openjdk.jmh.runner.options.TestOptions" time="0.001"/>
  <testcase name="testJvmArgsPrepend_Default" classname="org.openjdk.jmh.runner.options.TestOptions" time="0"/>
  <testcase name="testVerbose_Default" classname="org.openjdk.jmh.runner.options.TestOptions" time="0"/>
  <testcase name="testSerializable_Cmdline" classname="org.openjdk.jmh.runner.options.TestOptions" time="0.001"/>
  <testcase name="testThreadGroups_WithZero" classname="org.openjdk.jmh.runner.options.TestOptions" time="0"/>
  <testcase name="testExcludes_Default" classname="org.openjdk.jmh.runner.options.TestOptions" time="0"/>
  <testcase name="testIncludes_Default" classname="org.openjdk.jmh.runner.options.TestOptions" time="0.001"/>
  <testcase name="testThreads_Zero_OptionsBuilder" classname="org.openjdk.jmh.runner.options.TestOptions" time="0"/>
  <testcase name="testThreadGroups_WithNegative_OptionsBuilder" classname="org.openjdk.jmh.runner.options.TestOptions" time="0"/>
  <testcase name="testParam_EmptyString" classname="org.openjdk.jmh.runner.options.TestOptions" time="0"/>
  <testcase name="testRuntimeIterations_Zero_OptionsBuilder" classname="org.openjdk.jmh.runner.options.TestOptions" time="0.001"/>
  <testcase name="testFork_Default" classname="org.openjdk.jmh.runner.options.TestOptions" time="0"/>
  <testcase name="testProfilers" classname="org.openjdk.jmh.runner.options.TestOptions" time="0"/>
  <testcase name="testBatchSize" classname="org.openjdk.jmh.runner.options.TestOptions" time="0.001"/>
  <testcase name="testThreadGroups_AllZero_OptionsBuilder" classname="org.openjdk.jmh.runner.options.TestOptions" time="0"/>
  <testcase name="testFork_MinusOne" classname="org.openjdk.jmh.runner.options.TestOptions" time="0.001"/>
  <testcase name="testWarmupBatchSize" classname="org.openjdk.jmh.runner.options.TestOptions" time="0"/>
  <testcase name="testSFOE_True" classname="org.openjdk.jmh.runner.options.TestOptions" time="0"/>
  <testcase name="testVerbose" classname="org.openjdk.jmh.runner.options.TestOptions" time="0.001"/>
  <testcase name="testParam_Default" classname="org.openjdk.jmh.runner.options.TestOptions" time="0.001"/>
  <testcase name="testThreadGroups" classname="org.openjdk.jmh.runner.options.TestOptions" time="0"/>
  <testcase name="testWarmupBatchSize_Zero" classname="org.openjdk.jmh.runner.options.TestOptions" time="0.001"/>
  <testcase name="testOPI_Zero_OptionsBuilder" classname="org.openjdk.jmh.runner.options.TestOptions" time="0"/>
  <testcase name="testRuntime_Default" classname="org.openjdk.jmh.runner.options.TestOptions" time="0"/>
  <testcase name="testSFOE_Default" classname="org.openjdk.jmh.runner.options.TestOptions" time="0"/>
  <testcase name="testResultFormats" classname="org.openjdk.jmh.runner.options.TestOptions" time="0.002"/>
  <testcase name="testSFOE_False" classname="org.openjdk.jmh.runner.options.TestOptions" time="0"/>
  <testcase name="testThreadGroups_Default" classname="org.openjdk.jmh.runner.options.TestOptions" time="0"/>
  <testcase name="testWarmupIterations_MinusOne" classname="org.openjdk.jmh.runner.options.TestOptions" time="0.001"/>
  <testcase name="testWarmupTime" classname="org.openjdk.jmh.runner.options.TestOptions" time="0"/>
  <testcase name="testBatchSize_Zero_OptionsBuilder" classname="org.openjdk.jmh.runner.options.TestOptions" time="0"/>
  <testcase name="testWarmupIterations_Default" classname="org.openjdk.jmh.runner.options.TestOptions" time="0.001"/>
  <testcase name="testSynchIterations_True" classname="org.openjdk.jmh.runner.options.TestOptions" time="0"/>
  <testcase name="testIncludes" classname="org.openjdk.jmh.runner.options.TestOptions" time="0"/>
  <testcase name="testFork__MinusOne_OptionsBuilder" classname="org.openjdk.jmh.runner.options.TestOptions" time="0.001"/>
  <testcase name="testThreadGroups_WithNegative" classname="org.openjdk.jmh.runner.options.TestOptions" time="0"/>
  <testcase name="testVerbose_LC" classname="org.openjdk.jmh.runner.options.TestOptions" time="0.001"/>
  <testcase name="testVerbose_UC" classname="org.openjdk.jmh.runner.options.TestOptions" time="0.001"/>
  <testcase name="testJvmArgsAppend" classname="org.openjdk.jmh.runner.options.TestOptions" time="0"/>
  <testcase name="testWarmupFork_MinusOne" classname="org.openjdk.jmh.runner.options.TestOptions" time="0"/>
  <testcase name="testGC_Default" classname="org.openjdk.jmh.runner.options.TestOptions" time="0.001"/>
  <testcase name="testWarmupTime_Default" classname="org.openjdk.jmh.runner.options.TestOptions" time="0"/>
  <testcase name="testOPI_Zero" classname="org.openjdk.jmh.runner.options.TestOptions" time="0"/>
  <testcase name="testWarmupFork_0" classname="org.openjdk.jmh.runner.options.TestOptions" time="0.001"/>
  <testcase name="testWarmupFork_1" classname="org.openjdk.jmh.runner.options.TestOptions" time="0"/>
  <testcase name="testTimeunit_Default" classname="org.openjdk.jmh.runner.options.TestOptions" time="0"/>
  <testcase name="testRuntime" classname="org.openjdk.jmh.runner.options.TestOptions" time="0"/>
  <testcase name="testJvmArgs_Default" classname="org.openjdk.jmh.runner.options.TestOptions" time="0.001"/>
  <testcase name="testThreads_Max" classname="org.openjdk.jmh.runner.options.TestOptions" time="0"/>
  <testcase name="testThreads_Set" classname="org.openjdk.jmh.runner.options.TestOptions" time="0"/>
  <testcase name="testWarmupMicros" classname="org.openjdk.jmh.runner.options.TestOptions" time="0.001"/>
  <testcase name="testSynchIterations_Default" classname="org.openjdk.jmh.runner.options.TestOptions" time="0"/>
  <testcase name="testThreads_Zero" classname="org.openjdk.jmh.runner.options.TestOptions" time="0"/>
  <testcase name="testThreads_Minus42" classname="org.openjdk.jmh.runner.options.TestOptions" time="0.001"/>
  <testcase name="testFork_0" classname="org.openjdk.jmh.runner.options.TestOptions" time="0"/>
  <testcase name="testFork_1" classname="org.openjdk.jmh.runner.options.TestOptions" time="0.001"/>
  <testcase name="testOPI_Default" classname="org.openjdk.jmh.runner.options.TestOptions" time="0"/>
  <testcase name="testRuntimeIterations_Zero" classname="org.openjdk.jmh.runner.options.TestOptions" time="0"/>
  <testcase name="testRuntimeIterations" classname="org.openjdk.jmh.runner.options.TestOptions" time="0"/>
  <testcase name="testWarmupIterations_MinusOne_OptionsBuilder" classname="org.openjdk.jmh.runner.options.TestOptions" time="0.001"/>
  <testcase name="testOutput" classname="org.openjdk.jmh.runner.options.TestOptions" time="0"/>
  <testcase name="testResultFormats_LC" classname="org.openjdk.jmh.runner.options.TestOptions" time="0.001"/>
  <testcase name="testResultFormats_UC" classname="org.openjdk.jmh.runner.options.TestOptions" time="0.001"/>
  <testcase name="testResult" classname="org.openjdk.jmh.runner.options.TestOptions" time="0"/>
  <testcase name="testWarmupMicros_Default" classname="org.openjdk.jmh.runner.options.TestOptions" time="0"/>
  <testcase name="testOutput_Default" classname="org.openjdk.jmh.runner.options.TestOptions" time="0.001"/>
  <testcase name="testThreads_Default" classname="org.openjdk.jmh.runner.options.TestOptions" time="0"/>
  <testcase name="testResult_Default" classname="org.openjdk.jmh.runner.options.TestOptions" time="0"/>
  <testcase name="testBatchSize_Zero" classname="org.openjdk.jmh.runner.options.TestOptions" time="0"/>
  <testcase name="testRuntimeIterations_Default" classname="org.openjdk.jmh.runner.options.TestOptions" time="0"/>
  <testcase name="testGC_False" classname="org.openjdk.jmh.runner.options.TestOptions" time="0.001"/>
  <testcase name="testWarmupIterations_Zero" classname="org.openjdk.jmh.runner.options.TestOptions" time="0"/>
  <testcase name="testResultFormats_Default" classname="org.openjdk.jmh.runner.options.TestOptions" time="0"/>
</testsuite>