<?xml version="1.0" encoding="UTF-8"?>
<testsuite name="org.openjdk.jmh.runner.options.TestParentOptions" time="0.007" tests="84" errors="0" skipped="0" failures="0">
  <properties>
    <property name="java.runtime.name" value="Java(TM) SE Runtime Environment"/>
    <property name="java.vm.version" value="23.0.1+11-39"/>
    <property name="sun.boot.library.path" value="/Library/Java/JavaVirtualMachines/jdk-23.0.1.jdk/Contents/Home/lib"/>
    <property name="maven.multiModuleProjectDirectory" value="/Users/antoniotrovato/Documents/GitHub/jmh-1.37/jmh-core"/>
    <property name="java.vm.vendor" value="Oracle Corporation"/>
    <property name="java.vendor.url" value="https://java.oracle.com/"/>
    <property name="guice.disable.misplaced.annotation.check" value="true"/>
    <property name="path.separator" value=":"/>
    <property name="java.vm.name" value="Java HotSpot(TM) 64-Bit Server VM"/>
    <property name="user.country" value="IT"/>
    <property name="sun.java.launcher" value="SUN_STANDARD"/>
    <property name="java.vm.specification.name" value="Java Virtual Machine Specification"/>
    <property name="user.dir" value="/Users/antoniotrovato/Documents/GitHub/jmh-1.37/jmh-core"/>
    <property name="java.vm.compressedOopsMode" value="Zero based"/>
    <property name="java.runtime.version" value="23.0.1+11-39"/>
    <property name="os.arch" value="aarch64"/>
    <property name="java.io.tmpdir" value="/var/folders/kn/kd67nwcs41113fgwjn39d7fm0000gn/T/"/>
    <property name="line.separator" value="&#10;"/>
    <property name="java.vm.specification.vendor" value="Oracle Corporation"/>
    <property name="stderr.encoding" value="UTF-8"/>
    <property name="os.name" value="Mac OS X"/>
    <property name="classworlds.conf" value="/Applications/apache-maven-3.9.9/bin/m2.conf"/>
    <property name="sun.jnu.encoding" value="UTF-8"/>
    <property name="stdout.encoding" value="UTF-8"/>
    <property name="java.library.path" value="/Users/antoniotrovato/Library/Java/Extensions:/Library/Java/Extensions:/Network/Library/Java/Extensions:/System/Library/Java/Extensions:/usr/lib/java:."/>
    <property name="maven.conf" value="/Applications/apache-maven-3.9.9/conf"/>
    <property name="jdk.debug" value="release"/>
    <property name="java.class.version" value="67.0"/>
    <property name="java.specification.name" value="Java Platform API Specification"/>
    <property name="sun.management.compiler" value="HotSpot 64-Bit Tiered Compilers"/>
    <property name="os.version" value="15.1.1"/>
    <property name="library.jansi.path" value="/Applications/apache-maven-3.9.9/lib/jansi-native"/>
    <property name="http.nonProxyHosts" value="local|*.local|169.254/16|*.169.254/16"/>
    <property name="user.home" value="/Users/antoniotrovato"/>
    <property name="user.timezone" value="Europe/Rome"/>
    <property name="file.encoding" value="UTF-8"/>
    <property name="java.specification.version" value="23"/>
    <property name="user.name" value="antoniotrovato"/>
    <property name="java.class.path" value="/Applications/apache-maven-3.9.9/boot/plexus-classworlds-2.8.0.jar"/>
    <property name="java.vm.specification.version" value="23"/>
    <property name="sun.arch.data.model" value="64"/>
    <property name="sun.java.command" value="org.codehaus.plexus.classworlds.launcher.Launcher clean install"/>
    <property name="java.home" value="/Library/Java/JavaVirtualMachines/jdk-23.0.1.jdk/Contents/Home"/>
    <property name="apple.awt.application.name" value="Launcher"/>
    <property name="user.language" value="it"/>
    <property name="java.specification.vendor" value="Oracle Corporation"/>
    <property name="java.vm.info" value="mixed mode, sharing"/>
    <property name="java.version" value="23.0.1"/>
    <property name="native.encoding" value="UTF-8"/>
    <property name="java.vendor" value="Oracle Corporation"/>
    <property name="maven.home" value="/Applications/apache-maven-3.9.9"/>
    <property name="file.separator" value="/"/>
    <property name="java.version.date" value="2024-10-15"/>
    <property name="java.vendor.url.bug" value="https://bugreport.java.com/bugreport/"/>
    <property name="sun.io.unicode.encoding" value="UnicodeBig"/>
    <property name="sun.cpu.endian" value="little"/>
    <property name="socksNonProxyHosts" value="local|*.local|169.254/16|*.169.254/16"/>
    <property name="ftp.nonProxyHosts" value="local|*.local|169.254/16|*.169.254/16"/>
  </properties>
  <testcase name="testRuntime_Merged" classname="org.openjdk.jmh.runner.options.TestParentOptions" time="0"/>
  <testcase name="testRuntime_Parent" classname="org.openjdk.jmh.runner.options.TestParentOptions" time="0"/>
  <testcase name="testIncludes_Empty" classname="org.openjdk.jmh.runner.options.TestParentOptions" time="0"/>
  <testcase name="testIncludes_Merge" classname="org.openjdk.jmh.runner.options.TestParentOptions" time="0"/>
  <testcase name="testExcludes_Parent" classname="org.openjdk.jmh.runner.options.TestParentOptions" time="0"/>
  <testcase name="testResultFormat_Merged" classname="org.openjdk.jmh.runner.options.TestParentOptions" time="0"/>
  <testcase name="testResultFormat_Parent" classname="org.openjdk.jmh.runner.options.TestParentOptions" time="0"/>
  <testcase name="testOPI_Empty" classname="org.openjdk.jmh.runner.options.TestParentOptions" time="0"/>
  <testcase name="testJVMArgsPrepend_Parent" classname="org.openjdk.jmh.runner.options.TestParentOptions" time="0"/>
  <testcase name="testVerbose_Empty" classname="org.openjdk.jmh.runner.options.TestParentOptions" time="0"/>
  <testcase name="testOutput_Merged" classname="org.openjdk.jmh.runner.options.TestParentOptions" time="0"/>
  <testcase name="testWarmupIters_Merged" classname="org.openjdk.jmh.runner.options.TestParentOptions" time="0"/>
  <testcase name="testOutput_Parent" classname="org.openjdk.jmh.runner.options.TestParentOptions" time="0"/>
  <testcase name="testWarmupIters_Parent" classname="org.openjdk.jmh.runner.options.TestParentOptions" time="0"/>
  <testcase name="testSyncIters_Merged" classname="org.openjdk.jmh.runner.options.TestParentOptions" time="0"/>
  <testcase name="testMeasureIters_Empty" classname="org.openjdk.jmh.runner.options.TestParentOptions" time="0.001"/>
  <testcase name="testSyncIters_Parent" classname="org.openjdk.jmh.runner.options.TestParentOptions" time="0"/>
  <testcase name="testJVMArgs_Parent" classname="org.openjdk.jmh.runner.options.TestParentOptions" time="0"/>
  <testcase name="testJVMArgsAppend_Empty" classname="org.openjdk.jmh.runner.options.TestParentOptions" time="0"/>
  <testcase name="testJVMArgsAppend_Merge" classname="org.openjdk.jmh.runner.options.TestParentOptions" time="0"/>
  <testcase name="testTimeout_Merged" classname="org.openjdk.jmh.runner.options.TestParentOptions" time="0"/>
  <testcase name="testJVMArgs_Empty" classname="org.openjdk.jmh.runner.options.TestParentOptions" time="0"/>
  <testcase name="testJVMArgs_Merge" classname="org.openjdk.jmh.runner.options.TestParentOptions" time="0.001"/>
  <testcase name="testTimeout_Empty" classname="org.openjdk.jmh.runner.options.TestParentOptions" time="0"/>
  <testcase name="testTimeout_Parent" classname="org.openjdk.jmh.runner.options.TestParentOptions" time="0"/>
  <testcase name="testBenchModes_Parent" classname="org.openjdk.jmh.runner.options.TestParentOptions" time="0"/>
  <testcase name="testSyncIters_Empty" classname="org.openjdk.jmh.runner.options.TestParentOptions" time="0"/>
  <testcase name="testOPI_Merged" classname="org.openjdk.jmh.runner.options.TestParentOptions" time="0"/>
  <testcase name="testOPI_Parent" classname="org.openjdk.jmh.runner.options.TestParentOptions" time="0"/>
  <testcase name="testWarmupMicros_Merged" classname="org.openjdk.jmh.runner.options.TestParentOptions" time="0.001"/>
  <testcase name="testWarmupMicros_Parent" classname="org.openjdk.jmh.runner.options.TestParentOptions" time="0"/>
  <testcase name="testTimeUnit_Empty" classname="org.openjdk.jmh.runner.options.TestParentOptions" time="0"/>
  <testcase name="testForks_Empty" classname="org.openjdk.jmh.runner.options.TestParentOptions" time="0"/>
  <testcase name="testForks_Merge" classname="org.openjdk.jmh.runner.options.TestParentOptions" time="0"/>
  <testcase name="testBenchModes_Empty" classname="org.openjdk.jmh.runner.options.TestParentOptions" time="0"/>
  <testcase name="testBenchModes_Merge" classname="org.openjdk.jmh.runner.options.TestParentOptions" time="0"/>
  <testcase name="testJVM_Empty" classname="org.openjdk.jmh.runner.options.TestParentOptions" time="0"/>
  <testcase name="testJVM_Merge" classname="org.openjdk.jmh.runner.options.TestParentOptions" time="0"/>
  <testcase name="testResult_Merged" classname="org.openjdk.jmh.runner.options.TestParentOptions" time="0"/>
  <testcase name="testVerbose_Merged" classname="org.openjdk.jmh.runner.options.TestParentOptions" time="0"/>
  <testcase name="testResult_Parent" classname="org.openjdk.jmh.runner.options.TestParentOptions" time="0"/>
  <testcase name="testVerbose_Parent" classname="org.openjdk.jmh.runner.options.TestParentOptions" time="0"/>
  <testcase name="testThreadGroups_Empty" classname="org.openjdk.jmh.runner.options.TestParentOptions" time="0"/>
  <testcase name="testSFOE_Empty" classname="org.openjdk.jmh.runner.options.TestParentOptions" time="0"/>
  <testcase name="testWarmupForks_Parent" classname="org.openjdk.jmh.runner.options.TestParentOptions" time="0"/>
  <testcase name="testParameters_Merged" classname="org.openjdk.jmh.runner.options.TestParentOptions" time="0.001"/>
  <testcase name="testParameters_Parent" classname="org.openjdk.jmh.runner.options.TestParentOptions" time="0"/>
  <testcase name="testWarmupMicros_Empty" classname="org.openjdk.jmh.runner.options.TestParentOptions" time="0"/>
  <testcase name="testIncludes_Parent" classname="org.openjdk.jmh.runner.options.TestParentOptions" time="0"/>
  <testcase name="testWarmupTime_Empty" classname="org.openjdk.jmh.runner.options.TestParentOptions" time="0"/>
  <testcase name="testGC_Parent" classname="org.openjdk.jmh.runner.options.TestParentOptions" time="0"/>
  <testcase name="testJVM_Parent" classname="org.openjdk.jmh.runner.options.TestParentOptions" time="0"/>
  <testcase name="testJVMArgsAppend_Parent" classname="org.openjdk.jmh.runner.options.TestParentOptions" time="0"/>
  <testcase name="testMeasureIters_Merged" classname="org.openjdk.jmh.runner.options.TestParentOptions" time="0"/>
  <testcase name="testResultFormat_Empty" classname="org.openjdk.jmh.runner.options.TestParentOptions" time="0"/>
  <testcase name="testOutput_Empty" classname="org.openjdk.jmh.runner.options.TestParentOptions" time="0"/>
  <testcase name="testMeasureIters_Parent" classname="org.openjdk.jmh.runner.options.TestParentOptions" time="0"/>
  <testcase name="testWarmupIters_Empty" classname="org.openjdk.jmh.runner.options.TestParentOptions" time="0"/>
  <testcase name="testThreadGroups_Merged" classname="org.openjdk.jmh.runner.options.TestParentOptions" time="0.001"/>
  <testcase name="testParameters_Empty" classname="org.openjdk.jmh.runner.options.TestParentOptions" time="0.001"/>
  <testcase name="testWarmupTime_Merged" classname="org.openjdk.jmh.runner.options.TestParentOptions" time="0"/>
  <testcase name="testProfiler_Empty" classname="org.openjdk.jmh.runner.options.TestParentOptions" time="0"/>
  <testcase name="testProfiler_Merge" classname="org.openjdk.jmh.runner.options.TestParentOptions" time="0"/>
  <testcase name="testThreadGroups_Parent" classname="org.openjdk.jmh.runner.options.TestParentOptions" time="0"/>
  <testcase name="testJVMArgsPrepend_Empty" classname="org.openjdk.jmh.runner.options.TestParentOptions" time="0"/>
  <testcase name="testWarmupTime_Parent" classname="org.openjdk.jmh.runner.options.TestParentOptions" time="0"/>
  <testcase name="testJVMArgsPrepend_Merge" classname="org.openjdk.jmh.runner.options.TestParentOptions" time="0.001"/>
  <testcase name="testResult_Empty" classname="org.openjdk.jmh.runner.options.TestParentOptions" time="0"/>
  <testcase name="testTimeUnit_Merged" classname="org.openjdk.jmh.runner.options.TestParentOptions" time="0"/>
  <testcase name="testExcludes_Empty" classname="org.openjdk.jmh.runner.options.TestParentOptions" time="0"/>
  <testcase name="testExcludes_Merge" classname="org.openjdk.jmh.runner.options.TestParentOptions" time="0"/>
  <testcase name="testTimeUnit_Parent" classname="org.openjdk.jmh.runner.options.TestParentOptions" time="0"/>
  <testcase name="testRuntime_Empty" classname="org.openjdk.jmh.runner.options.TestParentOptions" time="0"/>
  <testcase name="testProfiler_Parent" classname="org.openjdk.jmh.runner.options.TestParentOptions" time="0"/>
  <testcase name="testThreads_Merged" classname="org.openjdk.jmh.runner.options.TestParentOptions" time="0"/>
  <testcase name="testThreads_Parent" classname="org.openjdk.jmh.runner.options.TestParentOptions" time="0"/>
  <testcase name="testSFOE_Merged" classname="org.openjdk.jmh.runner.options.TestParentOptions" time="0"/>
  <testcase name="testGC_Empty" classname="org.openjdk.jmh.runner.options.TestParentOptions" time="0"/>
  <testcase name="testGC_Merge" classname="org.openjdk.jmh.runner.options.TestParentOptions" time="0"/>
  <testcase name="testSFOE_Parent" classname="org.openjdk.jmh.runner.options.TestParentOptions" time="0"/>
  <testcase name="testForks_Parent" classname="org.openjdk.jmh.runner.options.TestParentOptions" time="0"/>
  <testcase name="testWarmupForks_Empty" classname="org.openjdk.jmh.runner.options.TestParentOptions" time="0"/>
  <testcase name="testWarmupForks_Merge" classname="org.openjdk.jmh.runner.options.TestParentOptions" time="0"/>
  <testcase name="testThreads_Empty" classname="org.openjdk.jmh.runner.options.TestParentOptions" time="0"/>
</testsuite>