<?xml version="1.0" encoding="UTF-8"?>
<testsuite name="org.openjdk.jmh.it.batchsize.SingleShotBatchAnn56Test" time="0.563" tests="1" errors="0" skipped="0" failures="0">
  <properties>
    <property name="idea.version" value="2024.2.3"/>
    <property name="java.runtime.name" value="OpenJDK Runtime Environment"/>
    <property name="sun.boot.library.path" value="/Users/antoniotrovato/Library/Java/JavaVirtualMachines/corretto-1.8.0_432/Contents/Home/jre/lib"/>
    <property name="java.vm.version" value="25.432-b06"/>
    <property name="gopherProxySet" value="false"/>
    <property name="java.vm.vendor" value="Amazon.com Inc."/>
    <property name="maven.multiModuleProjectDirectory" value="/Users/antoniotrovato/Documents/GitHub/jmh-1.37"/>
    <property name="java.vendor.url" value="https://aws.amazon.com/corretto/"/>
    <property name="path.separator" value=":"/>
    <property name="guice.disable.misplaced.annotation.check" value="true"/>
    <property name="java.vm.name" value="OpenJDK 64-Bit Server VM"/>
    <property name="file.encoding.pkg" value="sun.io"/>
    <property name="user.country" value="IT"/>
    <property name="sun.java.launcher" value="SUN_STANDARD"/>
    <property name="sun.os.patch.level" value="unknown"/>
    <property name="java.vm.specification.name" value="Java Virtual Machine Specification"/>
    <property name="user.dir" value="/Users/antoniotrovato/Documents/GitHub/jmh-1.37"/>
    <property name="java.runtime.version" value="1.8.0_432-b06"/>
    <property name="java.awt.graphicsenv" value="sun.awt.CGraphicsEnvironment"/>
    <property name="java.endorsed.dirs" value="/Users/antoniotrovato/Library/Java/JavaVirtualMachines/corretto-1.8.0_432/Contents/Home/jre/lib/endorsed"/>
    <property name="os.arch" value="aarch64"/>
    <property name="java.io.tmpdir" value="/var/folders/kn/kd67nwcs41113fgwjn39d7fm0000gn/T/"/>
    <property name="line.separator" value="&#10;"/>
    <property name="java.vm.specification.vendor" value="Oracle Corporation"/>
    <property name="os.name" value="Mac OS X"/>
    <property name="maven.ext.class.path" value="/Users/antoniotrovato/Applications/IntelliJ IDEA Ultimate.app/Contents/plugins/maven/lib/maven-event-listener.jar"/>
    <property name="classworlds.conf" value="/Users/antoniotrovato/Applications/IntelliJ IDEA Ultimate.app/Contents/plugins/maven/lib/maven3/bin/m2.conf"/>
    <property name="sun.jnu.encoding" value="UTF-8"/>
    <property name="java.library.path" value="/Users/antoniotrovato/Library/Java/Extensions:/Library/Java/Extensions:/Network/Library/Java/Extensions:/System/Library/Java/Extensions:/usr/lib/java:."/>
    <property name="jansi.passthrough" value="true"/>
    <property name="maven.conf" value="/Users/antoniotrovato/Applications/IntelliJ IDEA Ultimate.app/Contents/plugins/maven/lib/maven3/conf"/>
    <property name="java.specification.name" value="Java Platform API Specification"/>
    <property name="java.class.version" value="52.0"/>
    <property name="sun.management.compiler" value="HotSpot 64-Bit Tiered Compilers"/>
    <property name="os.version" value="15.1.1"/>
    <property name="http.nonProxyHosts" value="local|*.local|169.254/16|*.169.254/16"/>
    <property name="user.home" value="/Users/antoniotrovato"/>
    <property name="user.timezone" value="Europe/Rome"/>
    <property name="java.awt.printerjob" value="sun.lwawt.macosx.CPrinterJob"/>
    <property name="java.specification.version" value="1.8"/>
    <property name="file.encoding" value="UTF-8"/>
    <property name="user.name" value="antoniotrovato"/>
    <property name="java.class.path" value="/Users/antoniotrovato/Applications/IntelliJ IDEA Ultimate.app/Contents/plugins/maven/lib/maven3/boot/plexus-classworlds.license:/Users/antoniotrovato/Applications/IntelliJ IDEA Ultimate.app/Contents/plugins/maven/lib/maven3/boot/plexus-classworlds-2.8.0.jar:/Users/antoniotrovato/Applications/IntelliJ IDEA Ultimate.app/Contents/lib/idea_rt.jar"/>
    <property name="java.vm.specification.version" value="1.8"/>
    <property name="sun.arch.data.model" value="64"/>
    <property name="java.home" value="/Users/antoniotrovato/Library/Java/JavaVirtualMachines/corretto-1.8.0_432/Contents/Home/jre"/>
    <property name="sun.java.command" value="org.codehaus.classworlds.Launcher -Didea.version=2024.2.3 install"/>
    <property name="java.specification.vendor" value="Oracle Corporation"/>
    <property name="user.language" value="it"/>
    <property name="awt.toolkit" value="sun.lwawt.macosx.LWCToolkit"/>
    <property name="java.vm.info" value="mixed mode"/>
    <property name="java.version" value="1.8.0_432"/>
    <property name="java.ext.dirs" value="/Users/antoniotrovato/Library/Java/Extensions:/Users/antoniotrovato/Library/Java/JavaVirtualMachines/corretto-1.8.0_432/Contents/Home/jre/lib/ext:/Library/Java/Extensions:/Network/Library/Java/Extensions:/System/Library/Java/Extensions:/usr/lib/java"/>
    <property name="sun.boot.class.path" value="/Users/antoniotrovato/Library/Java/JavaVirtualMachines/corretto-1.8.0_432/Contents/Home/jre/lib/resources.jar:/Users/antoniotrovato/Library/Java/JavaVirtualMachines/corretto-1.8.0_432/Contents/Home/jre/lib/rt.jar:/Users/antoniotrovato/Library/Java/JavaVirtualMachines/corretto-1.8.0_432/Contents/Home/jre/lib/sunrsasign.jar:/Users/antoniotrovato/Library/Java/JavaVirtualMachines/corretto-1.8.0_432/Contents/Home/jre/lib/jsse.jar:/Users/antoniotrovato/Library/Java/JavaVirtualMachines/corretto-1.8.0_432/Contents/Home/jre/lib/jce.jar:/Users/antoniotrovato/Library/Java/JavaVirtualMachines/corretto-1.8.0_432/Contents/Home/jre/lib/charsets.jar:/Users/antoniotrovato/Library/Java/JavaVirtualMachines/corretto-1.8.0_432/Contents/Home/jre/lib/jfr.jar:/Users/antoniotrovato/Library/Java/JavaVirtualMachines/corretto-1.8.0_432/Contents/Home/jre/classes"/>
    <property name="java.vendor" value="Amazon.com Inc."/>
    <property name="java.specification.maintenance.version" value="6"/>
    <property name="maven.home" value="/Users/antoniotrovato/Applications/IntelliJ IDEA Ultimate.app/Contents/plugins/maven/lib/maven3"/>
    <property name="file.separator" value="/"/>
    <property name="java.vendor.url.bug" value="https://github.com/corretto/corretto-8/issues/"/>
    <property name="sun.cpu.endian" value="little"/>
    <property name="sun.io.unicode.encoding" value="UnicodeBig"/>
    <property name="socksNonProxyHosts" value="local|*.local|169.254/16|*.169.254/16"/>
    <property name="ftp.nonProxyHosts" value="local|*.local|169.254/16|*.169.254/16"/>
    <property name="sun.cpu.isalist" value=""/>
  </properties>
  <testcase name="invokeAPI" classname="org.openjdk.jmh.it.batchsize.SingleShotBatchAnn56Test" time="0.563"/>
</testsuite>